Determining if the pthread_create exist failed with the following output:
Change Dir: /home/rdadmin/learning/muduo_source_code/build/release/CMakeFiles/CMakeTmp

Run Build Command:/usr/bin/make "cmTryCompileExec3716655039/fast"
/usr/bin/make -f CMakeFiles/cmTryCompileExec3716655039.dir/build.make CMakeFiles/cmTryCompileExec3716655039.dir/build
make[1]: Entering directory `/home/rdadmin/learning/muduo_source_code/build/release/CMakeFiles/CMakeTmp'
/usr/bin/cmake -E cmake_progress_report /home/rdadmin/learning/muduo_source_code/build/release/CMakeFiles/CMakeTmp/CMakeFiles 1
Building C object CMakeFiles/cmTryCompileExec3716655039.dir/CheckSymbolExists.c.o
/usr/bin/cc    -o CMakeFiles/cmTryCompileExec3716655039.dir/CheckSymbolExists.c.o   -c /home/rdadmin/learning/muduo_source_code/build/release/CMakeFiles/CMakeTmp/CheckSymbolExists.c
Linking C executable cmTryCompileExec3716655039
/usr/bin/cmake -E cmake_link_script CMakeFiles/cmTryCompileExec3716655039.dir/link.txt --verbose=1
/usr/bin/cc       CMakeFiles/cmTryCompileExec3716655039.dir/CheckSymbolExists.c.o  -o cmTryCompileExec3716655039 -rdynamic 
CMakeFiles/cmTryCompileExec3716655039.dir/CheckSymbolExists.c.o: In function `main':
CheckSymbolExists.c:(.text+0x16): undefined reference to `pthread_create'
collect2: error: ld returned 1 exit status
make[1]: Leaving directory `/home/rdadmin/learning/muduo_source_code/build/release/CMakeFiles/CMakeTmp'
make[1]: *** [cmTryCompileExec3716655039] Error 1
make: *** [cmTryCompileExec3716655039/fast] Error 2

File /home/rdadmin/learning/muduo_source_code/build/release/CMakeFiles/CMakeTmp/CheckSymbolExists.c:
/* */
#include <pthread.h>

int main(int argc, char** argv)
{
  (void)argv;
#ifndef pthread_create
  return ((int*)(&pthread_create))[argc];
#else
  (void)argc;
  return 0;
#endif
}

Determining if the function pthread_create exists in the pthreads failed with the following output:
Change Dir: /home/rdadmin/learning/muduo_source_code/build/release/CMakeFiles/CMakeTmp

Run Build Command:/usr/bin/make "cmTryCompileExec1387706691/fast"
/usr/bin/make -f CMakeFiles/cmTryCompileExec1387706691.dir/build.make CMakeFiles/cmTryCompileExec1387706691.dir/build
make[1]: Entering directory `/home/rdadmin/learning/muduo_source_code/build/release/CMakeFiles/CMakeTmp'
/usr/bin/cmake -E cmake_progress_report /home/rdadmin/learning/muduo_source_code/build/release/CMakeFiles/CMakeTmp/CMakeFiles 1
Building C object CMakeFiles/cmTryCompileExec1387706691.dir/CheckFunctionExists.c.o
/usr/bin/cc   -DCHECK_FUNCTION_EXISTS=pthread_create   -o CMakeFiles/cmTryCompileExec1387706691.dir/CheckFunctionExists.c.o   -c /usr/share/cmake-2.8/Modules/CheckFunctionExists.c
Linking C executable cmTryCompileExec1387706691
/usr/bin/cmake -E cmake_link_script CMakeFiles/cmTryCompileExec1387706691.dir/link.txt --verbose=1
/usr/bin/cc   -DCHECK_FUNCTION_EXISTS=pthread_create    CMakeFiles/cmTryCompileExec1387706691.dir/CheckFunctionExists.c.o  -o cmTryCompileExec1387706691 -rdynamic -lpthreads 
/usr/bin/ld: cannot find -lpthreads
collect2: error: ld returned 1 exit status
make[1]: Leaving directory `/home/rdadmin/learning/muduo_source_code/build/release/CMakeFiles/CMakeTmp'
make[1]: *** [cmTryCompileExec1387706691] Error 1
make: *** [cmTryCompileExec1387706691/fast] Error 2


Determining if the pthread_create exist failed with the following output:
Change Dir: /home/yahui/learning/learning_muduo/build/release/CMakeFiles/CMakeTmp

Run Build Command:"/usr/bin/make" "cmTC_f660c/fast"
/usr/bin/make -f CMakeFiles/cmTC_f660c.dir/build.make CMakeFiles/cmTC_f660c.dir/build
make[1]: Entering directory '/home/yahui/learning/learning_muduo/build/release/CMakeFiles/CMakeTmp'
Building C object CMakeFiles/cmTC_f660c.dir/CheckSymbolExists.c.o
/usr/bin/cc     -o CMakeFiles/cmTC_f660c.dir/CheckSymbolExists.c.o   -c /home/yahui/learning/learning_muduo/build/release/CMakeFiles/CMakeTmp/CheckSymbolExists.c
Linking C executable cmTC_f660c
/usr/bin/cmake -E cmake_link_script CMakeFiles/cmTC_f660c.dir/link.txt --verbose=1
/usr/bin/cc       CMakeFiles/cmTC_f660c.dir/CheckSymbolExists.c.o  -o cmTC_f660c -rdynamic 
CMakeFiles/cmTC_f660c.dir/CheckSymbolExists.c.o: In function `main':
CheckSymbolExists.c:(.text+0x16): undefined reference to `pthread_create'
collect2: error: ld returned 1 exit status
CMakeFiles/cmTC_f660c.dir/build.make:97: recipe for target 'cmTC_f660c' failed
make[1]: *** [cmTC_f660c] Error 1
make[1]: Leaving directory '/home/yahui/learning/learning_muduo/build/release/CMakeFiles/CMakeTmp'
Makefile:126: recipe for target 'cmTC_f660c/fast' failed
make: *** [cmTC_f660c/fast] Error 2

File /home/yahui/learning/learning_muduo/build/release/CMakeFiles/CMakeTmp/CheckSymbolExists.c:
/* */
#include <pthread.h>

int main(int argc, char** argv)
{
  (void)argv;
#ifndef pthread_create
  return ((int*)(&pthread_create))[argc];
#else
  (void)argc;
  return 0;
#endif
}

Determining if the function pthread_create exists in the pthreads failed with the following output:
Change Dir: /home/yahui/learning/learning_muduo/build/release/CMakeFiles/CMakeTmp

Run Build Command:"/usr/bin/make" "cmTC_4fd8e/fast"
/usr/bin/make -f CMakeFiles/cmTC_4fd8e.dir/build.make CMakeFiles/cmTC_4fd8e.dir/build
make[1]: Entering directory '/home/yahui/learning/learning_muduo/build/release/CMakeFiles/CMakeTmp'
Building C object CMakeFiles/cmTC_4fd8e.dir/CheckFunctionExists.c.o
/usr/bin/cc    -DCHECK_FUNCTION_EXISTS=pthread_create   -o CMakeFiles/cmTC_4fd8e.dir/CheckFunctionExists.c.o   -c /usr/share/cmake-3.5/Modules/CheckFunctionExists.c
Linking C executable cmTC_4fd8e
/usr/bin/cmake -E cmake_link_script CMakeFiles/cmTC_4fd8e.dir/link.txt --verbose=1
/usr/bin/cc   -DCHECK_FUNCTION_EXISTS=pthread_create    CMakeFiles/cmTC_4fd8e.dir/CheckFunctionExists.c.o  -o cmTC_4fd8e -rdynamic -lpthreads 
/usr/bin/ld: cannot find -lpthreads
collect2: error: ld returned 1 exit status
CMakeFiles/cmTC_4fd8e.dir/build.make:97: recipe for target 'cmTC_4fd8e' failed
make[1]: *** [cmTC_4fd8e] Error 1
make[1]: Leaving directory '/home/yahui/learning/learning_muduo/build/release/CMakeFiles/CMakeTmp'
Makefile:126: recipe for target 'cmTC_4fd8e/fast' failed
make: *** [cmTC_4fd8e/fast] Error 2


